This is XeTeX, Version 3.14159265-2.6-0.99991 (TeX Live 2014/W32TeX) (preloaded format=xelatex 2014.9.26)  31 OCT 2014 21:38
entering extended mode
 restricted \write18 enabled.
 %&-line parsing enabled.
**chap07.tex
(./chap07.tex
LaTeX2e <2014/05/01>
Babel <3.9k> and hyphenation patterns for 50 languages loaded.
! Undefined control sequence.
l.1 \chapter
            {总结与展望}
? 
! Emergency stop.
l.1 \chapter
            {总结与展望}
End of file on the terminal!

 
Here is how much of TeX's memory you used:
 4 strings out of 494648
 38 string characters out of 6163813
 49922 words of memory out of 5000000
 3387 multiletter control sequences out of 15000+600000
 3640 words of font info for 14 fonts, out of 8000000 for 9000
 622 hyphenation exceptions out of 8191
 5i,0n,1p,28b,8s stack positions out of 5000i,500n,10000p,200000b,80000s
No pages of output.
