This is pdfTeX, Version 3.1415926-2.3-1.40.12 (Web2C 2011) (format=pdflatex 2011.11.24)  8 FEB 2012 23:57
entering extended mode
 restricted \write18 enabled.
 %&-line parsing enabled.
**sample-thesis-poster.tex
(./sample-thesis-poster.tex
LaTeX2e <2009/09/24>
Babel <v3.8l> and hyphenation patterns for english, dumylang, nohyphenation, ge
rman-x-2009-06-19, ngerman-x-2009-06-19, afrikaans, ancientgreek, ibycus, arabi
c, armenian, basque, bulgarian, catalan, pinyin, coptic, croatian, czech, danis
h, dutch, ukenglish, usenglishmax, esperanto, estonian, ethiopic, farsi, finnis
h, french, galician, german, ngerman, swissgerman, monogreek, greek, hungarian,
 icelandic, assamese, bengali, gujarati, hindi, kannada, malayalam, marathi, or
iya, panjabi, tamil, telugu, indonesian, interlingua, irish, italian, kurmanji,
 lao, latin, latvian, lithuanian, mongolian, mongolianlmc, bokmal, nynorsk, pol
ish, portuguese, romanian, russian, sanskrit, serbian, serbianc, slovak, sloven
ian, spanish, swedish, turkish, turkmen, ukrainian, uppersorbian, welsh, loaded
.
(./hmcposter.cls
Document Class: hmcposter 2010/12/13 HMC Mathematics LaTeX poster class
(d:/texlive/2011/texmf-dist/tex/latex/base/article.cls
Document Class: article 2007/10/19 v1.4h Standard LaTeX document class
(d:/texlive/2011/texmf-dist/tex/latex/base/size10.clo
File: size10.clo 2007/10/19 v1.4h Standard LaTeX file (size option)
)
\c@part=\count79
\c@section=\count80
\c@subsection=\count81
\c@subsubsection=\count82
\c@paragraph=\count83
\c@subparagraph=\count84
\c@figure=\count85
\c@table=\count86
\abovecaptionskip=\skip41
\belowcaptionskip=\skip42
\bibindent=\dimen102
) (./hmcposter.cfg
File: hmcposter.cfg 2008/04/02 v1.0 hmcposter configuration file
)
(d:/texlive/2011/texmf-dist/tex/latex/base/ifthen.sty
Package: ifthen 2001/05/26 v1.1c Standard LaTeX ifthen package (DPC)
)
(d:/texlive/2011/texmf-dist/tex/latex/psnfss/mathpazo.sty
Package: mathpazo 2005/04/12 PSNFSS-v9.2a Palatino w/ Pazo Math (D.Puga, WaS) 
\symupright=\mathgroup4
)
(d:/texlive/2011/texmf-dist/tex/latex/psnfss/helvet.sty
Package: helvet 2005/04/12 PSNFSS-v9.2a (WaS) 

(d:/texlive/2011/texmf-dist/tex/latex/graphics/keyval.sty
Package: keyval 1999/03/16 v1.13 key=value parser (DPC)
\KV@toks@=\toks14
))
(d:/texlive/2011/texmf-dist/tex/latex/sectsty/sectsty.sty
Package: sectsty 2002/02/25 v2.0.2 Commands to change all sectional heading sty
les
)
(d:/texlive/2011/texmf-dist/tex/latex/caption/caption.sty
Package: caption 2010/01/09 v3.1m Customizing captions (AR)

(d:/texlive/2011/texmf-dist/tex/latex/caption/caption3.sty
Package: caption3 2010/01/14 v3.1m caption3 kernel (AR)
\captionmargin=\dimen103
\captionmargin@=\dimen104
\captionwidth=\dimen105
\caption@indent=\dimen106
\caption@parindent=\dimen107
\caption@hangindent=\dimen108
)
\c@ContinuedFloat=\count87
)
(d:/texlive/2011/texmf-dist/tex/latex/graphics/graphics.sty
Package: graphics 2009/02/05 v1.0o Standard LaTeX Graphics (DPC,SPQR)

(d:/texlive/2011/texmf-dist/tex/latex/graphics/trig.sty
Package: trig 1999/03/16 v1.09 sin cos tan (DPC)
)
(d:/texlive/2011/texmf-dist/tex/latex/latexconfig/graphics.cfg
File: graphics.cfg 2010/04/23 v1.9 graphics configuration of TeX Live
)
Package graphics Info: Driver file: pdftex.def on input line 91.

(d:/texlive/2011/texmf-dist/tex/latex/pdftex-def/pdftex.def
File: pdftex.def 2011/05/27 v0.06d Graphics/color for pdfTeX

(d:/texlive/2011/texmf-dist/tex/generic/oberdiek/infwarerr.sty
Package: infwarerr 2010/04/08 v1.3 Providing info/warning/message (HO)
)
(d:/texlive/2011/texmf-dist/tex/generic/oberdiek/ltxcmds.sty
Package: ltxcmds 2011/04/18 v1.20 LaTeX kernel commands for general use (HO)
)
\Gread@gobject=\count88
))
(d:/texlive/2011/texmf-dist/tex/latex/graphics/color.sty
Package: color 2005/11/14 v1.0j Standard LaTeX Color (DPC)

(d:/texlive/2011/texmf-dist/tex/latex/latexconfig/color.cfg
File: color.cfg 2007/01/18 v1.5 color configuration of teTeX/TeXLive
)
Package color Info: Driver file: pdftex.def on input line 130.
)
Package color Info: Redefining color black on input line 85.
Package color Info: Redefining color green on input line 87.

(d:/texlive/2011/texmf-dist/tex/latex/tools/multicol.sty
Package: multicol 2008/12/05 v1.6h multicolumn formatting (FMi)
\c@tracingmulticols=\count89
\mult@box=\box26
\multicol@leftmargin=\dimen109
\c@unbalance=\count90
\c@collectmore=\count91
\doublecol@number=\count92
\multicoltolerance=\count93
\multicolpretolerance=\count94
\full@width=\dimen110
\page@free=\dimen111
\premulticols=\dimen112
\postmulticols=\dimen113
\multicolsep=\skip43
\multicolbaselineskip=\skip44
\partial@page=\box27
\last@line=\box28
\mult@rightbox=\box29
\mult@grightbox=\box30
\mult@gfirstbox=\box31
\mult@firstbox=\box32
\@tempa=\box33
\@tempa=\box34
\@tempa=\box35
\@tempa=\box36
\@tempa=\box37
\@tempa=\box38
\@tempa=\box39
\@tempa=\box40
\@tempa=\box41
\@tempa=\box42
\@tempa=\box43
\@tempa=\box44
\@tempa=\box45
\@tempa=\box46
\@tempa=\box47
\@tempa=\box48
\@tempa=\box49
\c@columnbadness=\count95
\c@finalcolumnbadness=\count96
\last@try=\dimen114
\multicolovershoot=\dimen115
\multicolundershoot=\dimen116
\mult@nat@firstbox=\box50
\colbreak@box=\box51
)
\ignored@length=\skip45

(d:/texlive/2011/texmf-dist/tex/latex/fancyhdr/fancyhdr.sty
\fancy@headwidth=\skip46
\f@ncyO@elh=\skip47
\f@ncyO@erh=\skip48
\f@ncyO@olh=\skip49
\f@ncyO@orh=\skip50
\f@ncyO@elf=\skip51
\f@ncyO@erf=\skip52
\f@ncyO@olf=\skip53
\f@ncyO@orf=\skip54
))
(d:/texlive/2011/texmf-dist/tex/latex/graphics/graphicx.sty
Package: graphicx 1999/02/16 v1.0f Enhanced LaTeX Graphics (DPC,SPQR)
\Gin@req@height=\dimen117
\Gin@req@width=\dimen118
)
(d:/texlive/2011/texmf-dist/tex/latex/natbib/natbib.sty
Package: natbib 2010/09/13 8.31b (PWD, AO)
\bibhang=\skip55
\bibsep=\skip56
LaTeX Info: Redefining \cite on input line 694.
\c@NAT@ctr=\count97
)
(d:/texlive/2011/texmf-dist/tex/latex/booktabs/booktabs.sty
Package: booktabs 2005/04/14 v1.61803 publication quality tables
\heavyrulewidth=\dimen119
\lightrulewidth=\dimen120
\cmidrulewidth=\dimen121
\belowrulesep=\dimen122
\belowbottomsep=\dimen123
\aboverulesep=\dimen124
\abovetopsep=\dimen125
\cmidrulesep=\dimen126
\cmidrulekern=\dimen127
\defaultaddspace=\dimen128
\@cmidla=\count98
\@cmidlb=\count99
\@aboverulesep=\dimen129
\@belowrulesep=\dimen130
\@thisruleclass=\count100
\@lastruleclass=\count101
\@thisrulewidth=\dimen131
)
(d:/texlive/2011/texmf-dist/tex/latex/subfig/subfig.sty
Package: subfig 2005/06/28 ver: 1.3 subfig package
\c@KVtest=\count102
\sf@farskip=\skip57
\sf@captopadj=\dimen132
\sf@capskip=\skip58
\sf@nearskip=\skip59
\c@subfigure=\count103
\c@subfigure@save=\count104
\c@lofdepth=\count105
\c@subtable=\count106
\c@subtable@save=\count107
\c@lotdepth=\count108
\sf@top=\skip60
\sf@bottom=\skip61
)
(d:/texlive/2011/texmf-dist/tex/latex/amsmath/amsmath.sty
Package: amsmath 2000/07/18 v2.13 AMS math features
\@mathmargin=\skip62

For additional information on amsmath, use the `?' option.
(d:/texlive/2011/texmf-dist/tex/latex/amsmath/amstext.sty
Package: amstext 2000/06/29 v2.01

(d:/texlive/2011/texmf-dist/tex/latex/amsmath/amsgen.sty
File: amsgen.sty 1999/11/30 v2.0
\@emptytoks=\toks15
\ex@=\dimen133
))
(d:/texlive/2011/texmf-dist/tex/latex/amsmath/amsbsy.sty
Package: amsbsy 1999/11/29 v1.2d
\pmbraise@=\dimen134
)
(d:/texlive/2011/texmf-dist/tex/latex/amsmath/amsopn.sty
Package: amsopn 1999/12/14 v2.01 operator names
)
\inf@bad=\count109
LaTeX Info: Redefining \frac on input line 211.
\uproot@=\count110
\leftroot@=\count111
LaTeX Info: Redefining \overline on input line 307.
\classnum@=\count112
\DOTSCASE@=\count113
LaTeX Info: Redefining \ldots on input line 379.
LaTeX Info: Redefining \dots on input line 382.
LaTeX Info: Redefining \cdots on input line 467.
\Mathstrutbox@=\box52
\strutbox@=\box53
\big@size=\dimen135
LaTeX Font Info:    Redeclaring font encoding OML on input line 567.
LaTeX Font Info:    Redeclaring font encoding OMS on input line 568.
\macc@depth=\count114
\c@MaxMatrixCols=\count115
\dotsspace@=\muskip10
\c@parentequation=\count116
\dspbrk@lvl=\count117
\tag@help=\toks16
\row@=\count118
\column@=\count119
\maxfields@=\count120
\andhelp@=\toks17
\eqnshift@=\dimen136
\alignsep@=\dimen137
\tagshift@=\dimen138
\tagwidth@=\dimen139
\totwidth@=\dimen140
\lineht@=\dimen141
\@envbody=\toks18
\multlinegap=\skip63
\multlinetaggap=\skip64
\mathdisplay@stack=\toks19
LaTeX Info: Redefining \[ on input line 2666.
LaTeX Info: Redefining \] on input line 2667.
)
(d:/texlive/2011/texmf-dist/tex/latex/base/textcomp.sty
Package: textcomp 2005/09/27 v1.99g Standard LaTeX package
Package textcomp Info: Sub-encoding information:
(textcomp)               5 = only ISO-Adobe without \textcurrency
(textcomp)               4 = 5 + \texteuro
(textcomp)               3 = 4 + \textohm
(textcomp)               2 = 3 + \textestimated + \textcurrency
(textcomp)               1 = TS1 - \textcircled - \t
(textcomp)               0 = TS1 (full)
(textcomp)             Font families with sub-encoding setting implement
(textcomp)             only a restricted character set as indicated.
(textcomp)             Family '?' is the default used for unknown fonts.
(textcomp)             See the documentation for details.
Package textcomp Info: Setting ? sub-encoding to TS1/1 on input line 71.

(d:/texlive/2011/texmf-dist/tex/latex/base/ts1enc.def
File: ts1enc.def 2001/06/05 v3.0e (jk/car/fm) Standard LaTeX file
)
LaTeX Info: Redefining \oldstylenums on input line 266.
Package textcomp Info: Setting cmr sub-encoding to TS1/0 on input line 281.
Package textcomp Info: Setting cmss sub-encoding to TS1/0 on input line 282.
Package textcomp Info: Setting cmtt sub-encoding to TS1/0 on input line 283.
Package textcomp Info: Setting cmvtt sub-encoding to TS1/0 on input line 284.
Package textcomp Info: Setting cmbr sub-encoding to TS1/0 on input line 285.
Package textcomp Info: Setting cmtl sub-encoding to TS1/0 on input line 286.
Package textcomp Info: Setting ccr sub-encoding to TS1/0 on input line 287.
Package textcomp Info: Setting ptm sub-encoding to TS1/4 on input line 288.
Package textcomp Info: Setting pcr sub-encoding to TS1/4 on input line 289.
Package textcomp Info: Setting phv sub-encoding to TS1/4 on input line 290.
Package textcomp Info: Setting ppl sub-encoding to TS1/3 on input line 291.
Package textcomp Info: Setting pag sub-encoding to TS1/4 on input line 292.
Package textcomp Info: Setting pbk sub-encoding to TS1/4 on input line 293.
Package textcomp Info: Setting pnc sub-encoding to TS1/4 on input line 294.
Package textcomp Info: Setting pzc sub-encoding to TS1/4 on input line 295.
Package textcomp Info: Setting bch sub-encoding to TS1/4 on input line 296.
Package textcomp Info: Setting put sub-encoding to TS1/5 on input line 297.
Package textcomp Info: Setting uag sub-encoding to TS1/5 on input line 298.
Package textcomp Info: Setting ugq sub-encoding to TS1/5 on input line 299.
Package textcomp Info: Setting ul8 sub-encoding to TS1/4 on input line 300.
Package textcomp Info: Setting ul9 sub-encoding to TS1/4 on input line 301.
Package textcomp Info: Setting augie sub-encoding to TS1/5 on input line 302.
Package textcomp Info: Setting dayrom sub-encoding to TS1/3 on input line 303.
Package textcomp Info: Setting dayroms sub-encoding to TS1/3 on input line 304.

Package textcomp Info: Setting pxr sub-encoding to TS1/0 on input line 305.
Package textcomp Info: Setting pxss sub-encoding to TS1/0 on input line 306.
Package textcomp Info: Setting pxtt sub-encoding to TS1/0 on input line 307.
Package textcomp Info: Setting txr sub-encoding to TS1/0 on input line 308.
Package textcomp Info: Setting txss sub-encoding to TS1/0 on input line 309.
Package textcomp Info: Setting txtt sub-encoding to TS1/0 on input line 310.
Package textcomp Info: Setting futs sub-encoding to TS1/4 on input line 311.
Package textcomp Info: Setting futx sub-encoding to TS1/4 on input line 312.
Package textcomp Info: Setting futj sub-encoding to TS1/4 on input line 313.
Package textcomp Info: Setting hlh sub-encoding to TS1/3 on input line 314.
Package textcomp Info: Setting hls sub-encoding to TS1/3 on input line 315.
Package textcomp Info: Setting hlst sub-encoding to TS1/3 on input line 316.
Package textcomp Info: Setting hlct sub-encoding to TS1/5 on input line 317.
Package textcomp Info: Setting hlx sub-encoding to TS1/5 on input line 318.
Package textcomp Info: Setting hlce sub-encoding to TS1/5 on input line 319.
Package textcomp Info: Setting hlcn sub-encoding to TS1/5 on input line 320.
Package textcomp Info: Setting hlcw sub-encoding to TS1/5 on input line 321.
Package textcomp Info: Setting hlcf sub-encoding to TS1/5 on input line 322.
Package textcomp Info: Setting pplx sub-encoding to TS1/3 on input line 323.
Package textcomp Info: Setting pplj sub-encoding to TS1/3 on input line 324.
Package textcomp Info: Setting ptmx sub-encoding to TS1/4 on input line 325.
Package textcomp Info: Setting ptmj sub-encoding to TS1/4 on input line 326.
)
(d:/texlive/2011/texmf-dist/tex/latex/url/url.sty
\Urlmuskip=\muskip11
Package: url 2006/04/12  ver 3.3  Verb mode for urls, etc.
)
No file sample-thesis-poster.aux.
\openout1 = `sample-thesis-poster.aux'.

LaTeX Font Info:    Checking defaults for OML/cmm/m/it on input line 58.
LaTeX Font Info:    ... okay on input line 58.
LaTeX Font Info:    Checking defaults for T1/cmr/m/n on input line 58.
LaTeX Font Info:    ... okay on input line 58.
LaTeX Font Info:    Checking defaults for OT1/cmr/m/n on input line 58.
LaTeX Font Info:    ... okay on input line 58.
LaTeX Font Info:    Checking defaults for OMS/cmsy/m/n on input line 58.
LaTeX Font Info:    ... okay on input line 58.
LaTeX Font Info:    Checking defaults for OMX/cmex/m/n on input line 58.
LaTeX Font Info:    ... okay on input line 58.
LaTeX Font Info:    Checking defaults for U/cmr/m/n on input line 58.
LaTeX Font Info:    ... okay on input line 58.
LaTeX Font Info:    Checking defaults for TS1/cmr/m/n on input line 58.
LaTeX Font Info:    Try loading font information for TS1+cmr on input line 58.
(d:/texlive/2011/texmf-dist/tex/latex/base/ts1cmr.fd
File: ts1cmr.fd 1999/05/25 v2.5h Standard LaTeX font definitions
)
LaTeX Font Info:    ... okay on input line 58.
LaTeX Font Info:    Try loading font information for OT1+ppl on input line 58.

(d:/texlive/2011/texmf-dist/tex/latex/psnfss/ot1ppl.fd
File: ot1ppl.fd 2001/06/04 font definitions for OT1/ppl.
)
Package caption Info: Begin \AtBeginDocument code.
Package caption3 Info: subfig package 1.2 or 1.3 is loaded.
LaTeX Info: Redefining \subref on input line 58.
Package caption Info: End \AtBeginDocument code.

(d:/texlive/2011/texmf-dist/tex/context/base/supp-pdf.mkii
[Loading MPS to PDF converter (version 2006.09.02).]
\scratchcounter=\count121
\scratchdimen=\dimen142
\scratchbox=\box54
\nofMPsegments=\count122
\nofMParguments=\count123
\everyMPshowfont=\toks20
\MPscratchCnt=\count124
\MPscratchDim=\dimen143
\MPnumerator=\count125
\makeMPintoPDFobject=\count126
\everyMPtoPDFconversion=\toks21
) (d:/texlive/2011/texmf-dist/tex/generic/oberdiek/pdftexcmds.sty
Package: pdftexcmds 2011/04/22 v0.16 Utilities of pdfTeX for LuaTeX (HO)

(d:/texlive/2011/texmf-dist/tex/generic/oberdiek/ifluatex.sty
Package: ifluatex 2010/03/01 v1.3 Provides the ifluatex switch (HO)
Package ifluatex Info: LuaTeX not detected.
)
(d:/texlive/2011/texmf-dist/tex/generic/oberdiek/ifpdf.sty
Package: ifpdf 2011/01/30 v2.3 Provides the ifpdf switch (HO)
Package ifpdf Info: pdfTeX in PDF mode is detected.
)
Package pdftexcmds Info: LuaTeX not detected.
Package pdftexcmds Info: \pdf@primitive is available.
Package pdftexcmds Info: \pdf@ifprimitive is available.
Package pdftexcmds Info: \pdfdraftmode found.
)
(d:/texlive/2011/texmf-dist/tex/latex/oberdiek/epstopdf-base.sty
Package: epstopdf-base 2010/02/09 v2.5 Base part for package epstopdf

(d:/texlive/2011/texmf-dist/tex/latex/oberdiek/grfext.sty
Package: grfext 2010/08/19 v1.1 Managing graphics extensions (HO)

(d:/texlive/2011/texmf-dist/tex/generic/oberdiek/kvdefinekeys.sty
Package: kvdefinekeys 2011/04/07 v1.3 Defining keys (HO)
))
(d:/texlive/2011/texmf-dist/tex/latex/oberdiek/kvoptions.sty
Package: kvoptions 2010/12/23 v3.10 Keyval support for LaTeX options (HO)

(d:/texlive/2011/texmf-dist/tex/generic/oberdiek/kvsetkeys.sty
Package: kvsetkeys 2011/04/07 v1.13 Key value parser (HO)

(d:/texlive/2011/texmf-dist/tex/generic/oberdiek/etexcmds.sty
Package: etexcmds 2011/02/16 v1.5 Prefix for e-TeX command names (HO)
Package etexcmds Info: Could not find \expanded.
(etexcmds)             That can mean that you are not using pdfTeX 1.50 or
(etexcmds)             that some package has redefined \expanded.
(etexcmds)             In the latter case, load this package earlier.
)))
Package grfext Info: Graphics extension search list:
(grfext)             [.png,.pdf,.jpg,.mps,.jpeg,.jbig2,.jb2,.PNG,.PDF,.JPG,.JPE
G,.JBIG2,.JB2,.eps]
(grfext)             \AppendGraphicsExtensions on input line 452.

(d:/texlive/2011/texmf-dist/tex/latex/latexconfig/epstopdf-sys.cfg
File: epstopdf-sys.cfg 2010/07/13 v1.3 Configuration of (r)epstopdf for TeX Liv
e
))
LaTeX Font Info:    Font shape `OT1/ppl/bx/n' in size <64> not available
(Font)              Font shape `OT1/ppl/b/n' tried instead on input line 62.
LaTeX Font Info:    Try loading font information for OT1+phv on input line 62.

(d:/texlive/2011/texmf-dist/tex/latex/psnfss/ot1phv.fd
File: ot1phv.fd 2001/06/04 scalable font definitions for OT1/phv.
)
LaTeX Font Info:    Font shape `OT1/phv/bx/n' in size <64> not available
(Font)              Font shape `OT1/phv/b/n' tried instead on input line 62.
LaTeX Font Info:    Font shape `OT1/phv/b/n' will be
(Font)              scaled to size 60.7998pt on input line 62.
LaTeX Font Info:    Font shape `OT1/ppl/bx/n' in size <36> not available
(Font)              Font shape `OT1/ppl/b/n' tried instead on input line 69.


LaTeX Warning: Reference `fig:our-poster' on page 1 undefined on input line 69.


<sampleposter.pdf, id=1, 4047.12pt x 2601.72pt>
File: sampleposter.pdf Graphic file (type pdf)
 <use sampleposter.pdf>
Package pdftex.def Info: sampleposter.pdf used on input line 74.
(pdftex.def)             Requested size: 433.62pt x 278.72667pt.
LaTeX Font Info:    Font shape `OT1/phv/m/n' will be
(Font)              scaled to size 34.19989pt on input line 75.
LaTeX Font Info:    Font shape `OT1/phv/bx/n' in size <36> not available
(Font)              Font shape `OT1/phv/b/n' tried instead on input line 75.
LaTeX Font Info:    Font shape `OT1/phv/b/n' will be
(Font)              scaled to size 34.19989pt on input line 75.
LaTeX Font Info:    Try loading font information for TS1+ppl on input line 93.

(d:/texlive/2011/texmf-dist/tex/latex/psnfss/ts1ppl.fd
File: ts1ppl.fd 2001/06/04 font definitions for TS1/ppl.
)
Overfull \hbox (14.34322pt too wide) in paragraph at lines 105--107
[]\OT1/ppl/m/n/36 Diagrams and images---charts, graphs, photographs---
 []

LaTeX Font Info:    Font shape `OT1/ppl/bx/n' in size <48> not available
(Font)              Font shape `OT1/ppl/b/n' tried instead on input line 109.
LaTeX Font Info:    Font shape `OT1/phv/bx/n' in size <48> not available
(Font)              Font shape `OT1/phv/b/n' tried instead on input line 109.
LaTeX Font Info:    Font shape `OT1/phv/b/n' will be
(Font)              scaled to size 45.59985pt on input line 109.

LaTeX Warning: Reference `fig:small-multiples' on page 1 undefined on input lin
e 113.


LaTeX Warning: Reference `sub@fig:small-mults-orig' on page 1 undefined on inpu
t line 114.


LaTeX Warning: Reference `sub@fig:small-mults-45' on page 1 undefined on input 
line 115.


LaTeX Warning: Reference `fig:small-mults-90' on page 1 undefined on input line
 116.


LaTeX Warning: Reference `fig:small-multiples' on page 1 undefined on input lin
e 117.


LaTeX Warning: Reference `sub@fig:small-mults-135' on page 1 undefined on input
 line 117.

<shapes.pdf, id=2, 161.60374pt x 155.58125pt>
File: shapes.pdf Graphic file (type pdf)
 <use shapes.pdf>
Package pdftex.def Info: shapes.pdf used on input line 123.
(pdftex.def)             Requested size: 161.60335pt x 155.58086pt.
LaTeX Font Info:    Font shape `OT1/ppl/bx/n' in size <24> not available
(Font)              Font shape `OT1/ppl/b/n' tried instead on input line 123.
File: shapes.pdf Graphic file (type pdf)

<use shapes.pdf>
Package pdftex.def Info: shapes.pdf used on input line 126.
(pdftex.def)             Requested size: 121.2025pt x 116.68564pt.
File: shapes.pdf Graphic file (type pdf)
 <use shapes.pdf>
Package pdftex.def Info: shapes.pdf used on input line 129.
(pdftex.def)             Requested size: 161.60335pt x 155.58086pt.
File: shapes.pdf Graphic file (type pdf)
 <use shapes.pdf>
Package pdftex.def Info: shapes.pdf used on input line 132.
(pdftex.def)             Requested size: 161.60335pt x 155.58086pt.


Package natbib Warning: Citation `fear-booktab' on page 1 undefined on input li
ne 141.


LaTeX Warning: Reference `tab:chicago-table' on page 1 undefined on input line 
144.


Package natbib Warning: Citation `chicago' on page 1 undefined on input line 14
5.

LaTeX Font Info:    Calculating math sizes for size <36> on input line 147.
LaTeX Font Info:    Try loading font information for OML+zplm on input line 147
.
(d:/texlive/2011/texmf-dist/tex/latex/psnfss/omlzplm.fd
File: omlzplm.fd 2002/09/08 Fontinst v1.914 font definitions for OML/zplm.
)
LaTeX Font Info:    Try loading font information for OMS+zplm on input line 147
.

(d:/texlive/2011/texmf-dist/tex/latex/psnfss/omszplm.fd
File: omszplm.fd 2002/09/08 Fontinst v1.914 font definitions for OMS/zplm.
)
LaTeX Font Info:    Try loading font information for OMX+zplm on input line 147
.

(d:/texlive/2011/texmf-dist/tex/latex/psnfss/omxzplm.fd
File: omxzplm.fd 2002/09/08 Fontinst v1.914 font definitions for OMX/zplm.
)
LaTeX Font Info:    Try loading font information for OT1+zplm on input line 147
.

(d:/texlive/2011/texmf-dist/tex/latex/psnfss/ot1zplm.fd
File: ot1zplm.fd 2002/09/08 Fontinst v1.914 font definitions for OT1/zplm.
)

Package natbib Warning: Citation `gratzer-mil' on page 1 undefined on input lin
e 147.

LaTeX Font Info:    Calculating math sizes for size <22> on input line 163.

Package natbib Warning: Citation `chicago' on page 1 undefined on input line 19
4.


Package natbib Warning: Citation `chicago' on page 1 undefined on input line 19
4.

No file sample-thesis-poster.bbl.

Package natbib Warning: Citation `swarthmore-poster' on page 1 undefined on inp
ut line 261.


Package natbib Warning: Citation `purrington-sciposters' on page 1 undefined on
 input line 264.

LaTeX Font Info:    Try loading font information for OT1+pcr on input line 273.

(d:/texlive/2011/texmf-dist/tex/latex/psnfss/ot1pcr.fd
File: ot1pcr.fd 2001/06/04 font definitions for OT1/pcr.
)
Underfull \hbox (badness 10000) in paragraph at lines 274--275
\OT1/pcr/m/n/36 / / www . math . hmc . edu / computing / support /
 []

<hmclogo-pantone.pdf, id=3, 297.11pt x 62.2325pt>
File: hmclogo-pantone.pdf Graphic file (type pdf)
 <use hmclogo-pantone.pdf>
Package pdftex.def Info: hmclogo-pantone.pdf used on input line 283.
(pdftex.def)             Requested size: 297.10927pt x 62.23235pt.
LaTeX Font Info:    Font shape `OT1/phv/m/n' will be
(Font)              scaled to size 60.7998pt on input line 283.
LaTeX Font Info:    Font shape `OT1/phv/m/n' will be
(Font)              scaled to size 94.9997pt on input line 283.
LaTeX Font Info:    Font shape `OT1/phv/bx/n' in size <100> not available
(Font)              Font shape `OT1/phv/b/n' tried instead on input line 283.
LaTeX Font Info:    Font shape `OT1/phv/b/n' will be
(Font)              scaled to size 94.9997pt on input line 283.

<hmcmath-hexen-logo.pdf, id=4, 302.12875pt x 154.5775pt>
File: hmcmath-hexen-logo.pdf Graphic file (type pdf)

<use hmcmath-hexen-logo.pdf>
Package pdftex.def Info: hmcmath-hexen-logo.pdf used on input line 283.
(pdftex.def)             Requested size: 302.128pt x 154.5771pt.


Package Fancyhdr Warning: \headheight is too small (289.07999pt): 
 Make it at least 307.00961pt.
 We now make it that large for the rest of the document.
 This may cause the page layout to be inconsistent, however.

[1{c:/Users/Administrator/.texlive2011/texmf-var/fonts/map/pdftex/updmap/pdftex
.map}

 <./hmclogo-pantone.pdf> <./hmcmath-hexen-logo.pdf> <./sampleposter.pdf> <./sha
pes.pdf>]

Package natbib Warning: There were undefined citations.

(./sample-thesis-poster.aux)

LaTeX Warning: There were undefined references.


LaTeX Warning: Label(s) may have changed. Rerun to get cross-references right.

 ) 
Here is how much of TeX's memory you used:
 4839 strings out of 493633
 70100 string characters out of 3146744
 139794 words of memory out of 3000000
 8026 multiletter control sequences out of 15000+200000
 36994 words of font info for 82 fonts, out of 3000000 for 9000
 831 hyphenation exceptions out of 8191
 42i,19n,45p,293b,552s stack positions out of 5000i,500n,10000p,200000b,50000s
{d:/texlive/2011/texmf-dist/fonts/enc/dvips/base/8r.enc}<d:/texlive/2011/texm
f-dist/fonts/type1/public/amsfonts/cm/cmtt12.pfb><d:/texlive/2011/texmf-dist/fo
nts/type1/urw/courier/ucrr8a.pfb><d:/texlive/2011/texmf-dist/fonts/type1/urw/he
lvetic/uhvb8a.pfb><d:/texlive/2011/texmf-dist/fonts/type1/urw/helvetic/uhvr8a.p
fb><d:/texlive/2011/texmf-dist/fonts/type1/urw/palatino/uplb8a.pfb><d:/texlive/
2011/texmf-dist/fonts/type1/urw/palatino/uplr8a.pfb><d:/texlive/2011/texmf-dist
/fonts/type1/urw/palatino/uplri8a.pfb>
Output written on sample-thesis-poster.pdf (1 page, 1253914 bytes).
PDF statistics:
 179 PDF objects out of 1000 (max. 8388607)
 104 compressed objects within 2 object streams
 0 named destinations out of 1000 (max. 500000)
 21 words of extra memory for PDF output out of 10000 (max. 10000000)

