This is XeTeX, Version 3.14159265-2.6-0.99996 (TeX Live 2016) (preloaded format=xelatex 2017.4.21)  14 MAY 2017 17:58
entering extended mode
 restricted \write18 enabled.
 %&-line parsing enabled.
**section2.tex
(./section2.tex
LaTeX2e <2016/03/31>
Babel <3.9r> and hyphenation patterns for 83 language(s) loaded.
! Undefined control sequence.
l.1 \section
            {æŸ“æ•´è£½ç¨‹åƒæ•¸å„ªåŒ–æ–¹æ³•}
The control sequence at the end of the top line
of your error message was never \def'ed. If you have
misspelled it (e.g., `\hobx'), type `I' and the correct
spelling (e.g., `I\hbox'). Otherwise just continue,
and I'll forget about whatever was undefined.


! LaTeX Error: Missing \begin{document}.

See the LaTeX manual or LaTeX Companion for explanation.
Type  H <return>  for immediate help.
 ...                                              
                                                  
l.1 \section{æŸ“
                æ•´è£½ç¨‹åƒæ•¸å„ªåŒ–æ–¹æ³•}
You're in trouble here.  Try typing  <return>  to proceed.
If that doesn't work, type  X <return>  to quit.

Missing character: There is no æŸ“ in font nullfont!
Missing character: There is no æ•´ in font nullfont!
Missing character: There is no è£½ in font nullfont!
Missing character: There is no ç¨‹ in font nullfont!
Missing character: There is no åƒ in font nullfont!
Missing character: There is no æ•¸ in font nullfont!
Missing character: There is no å„ª in font nullfont!
Missing character: There is no åŒ– in font nullfont!
Missing character: There is no æ–¹ in font nullfont!
Missing character: There is no æ³• in font nullfont!
Missing character: There is no æ ¹ in font nullfont!
Missing character: There is no æ“š in font nullfont!
Missing character: There is no å‰ in font nullfont!
Missing character: There is no é¢ in font nullfont!
! Undefined control sequence.
<write> ...: Reference `c:ch3.1' on page \thepage 
                                                  \space undefined\on@line .^^J
l.3 æ ¹æ“šå‰é¢ \ref{c:ch3.1}
                               ç¯€ï¼Œæˆ‘å€‘ä»‹ç´¹äº†æŸ“æ•´è£½ç¨‹åƒæ•¸å„ªåŒ–...
The control sequence at the end of the top line
of your error message was never \def'ed. If you have
misspelled it (e.g., `\hobx'), type `I' and the correct
spelling (e.g., `I\hbox'). Otherwise just continue,
and I'll forget about whatever was undefined.


LaTeX Warning: Reference `c:ch3.1' on page  undefined on input line 3.

Missing character: There is no ç¯€ in font nullfont!
Missing character: There is no ï¼Œ in font nullfont!
Missing character: There is no æˆ‘ in font nullfont!
Missing character: There is no å€‘ in font nullfont!
Missing character: There is no ä»‹ in font nullfont!
Missing character: There is no ç´¹ in font nullfont!
Missing character: There is no äº† in font nullfont!
Missing character: There is no æŸ“ in font nullfont!
Missing character: There is no æ•´ in font nullfont!
Missing character: There is no è£½ in font nullfont!
Missing character: There is no ç¨‹ in font nullfont!
Missing character: There is no åƒ in font nullfont!
Missing character: There is no æ•¸ in font nullfont!
Missing character: There is no å„ª in font nullfont!
Missing character: There is no åŒ– in font nullfont!
Missing character: There is no æ¨¡ in font nullfont!
Missing character: There is no å‹ in font nullfont!
Missing character: There is no çš„ in font nullfont!
Missing character: There is no å»º in font nullfont!
Missing character: There is no ç«‹ in font nullfont!
Missing character: There is no ï¼Œ in font nullfont!
Missing character: There is no åˆ† in font nullfont!
Missing character: There is no åˆ¥ in font nullfont!
Missing character: There is no ç‚º in font nullfont!
Missing character: There is no é‹ in font nullfont!
Missing character: There is no ä½œ in font nullfont!
Missing character: There is no æˆ in font nullfont!
Missing character: There is no æœ¬ in font nullfont!
Missing character: There is no æ¨¡ in font nullfont!
Missing character: There is no å‹ in font nullfont!
Missing character: There is no ã€ in font nullfont!
Missing character: There is no ç©© in font nullfont!
Missing character: There is no å¥ in font nullfont!
Missing character: There is no åº¦ in font nullfont!
Missing character: There is no æ¨¡ in font nullfont!
Missing character: There is no å‹ in font nullfont!
Missing character: There is no ä»¥ in font nullfont!
Missing character: There is no åŠ in font nullfont!
Missing character: There is no å“ in font nullfont!
Missing character: There is no è³ª in font nullfont!
Missing character: There is no æ¨¡ in font nullfont!
Missing character: There is no å‹ in font nullfont!
Missing character: There is no ï¼ˆ in font nullfont!
LaTeX Font Info:    External font `cmex10' loaded for size
(Font)              <7> on input line 3.
LaTeX Font Info:    External font `cmex10' loaded for size
(Font)              <5> on input line 3.
Missing character: There is no æ¨¡ in font nullfont!
Missing character: There is no å‹ in font nullfont!
Missing character: There is no ï¼‰ in font nullfont!
Missing character: There is no ï¼Œ in font nullfont!
Missing character: There is no åœ¨ in font nullfont!
! Undefined control sequence.
<write> ...: Reference `c:ch3.2' on page \thepage 
                                                  \space undefined\on@line .^^J
l.3 ...‹ï¼ˆ$\Delta E$æ¨¡å‹ï¼‰ï¼Œåœ¨ \ref{c:ch3.2}
                                                   æˆ‘å€‘æœƒæ ¹æ“šé€™ä¸‰å€‹æ...
The control sequence at the end of the top line
of your error message was never \def'ed. If you have
misspelled it (e.g., `\hobx'), type `I' and the correct
spelling (e.g., `I\hbox'). Otherwise just continue,
and I'll forget about whatever was undefined.


LaTeX Warning: Reference `c:ch3.2' on page  undefined on input line 3.

Missing character: There is no æˆ‘ in font nullfont!
Missing character: There is no å€‘ in font nullfont!
Missing character: There is no æœƒ in font nullfont!
Missing character: There is no æ ¹ in font nullfont!
Missing character: There is no æ“š in font nullfont!
Missing character: There is no é€™ in font nullfont!
Missing character: There is no ä¸‰ in font nullfont!
Missing character: There is no å€‹ in font nullfont!
Missing character: There is no æ¨¡ in font nullfont!
Missing character: There is no å‹ in font nullfont!
Missing character: There is no åˆ† in font nullfont!
Missing character: There is no åˆ¥ in font nullfont!
Missing character: There is no é€² in font nullfont!
Missing character: There is no è¡Œ in font nullfont!
Missing character: There is no æœ€ in font nullfont!
Missing character: There is no ä½³ in font nullfont!
Missing character: There is no åŒ– in font nullfont!
Missing character: There is no æ±‚ in font nullfont!
Missing character: There is no è§£ in font nullfont!
Missing character: There is no ã€‚ in font nullfont!
Missing character: There is no åœ¨ in font nullfont!
Missing character: There is no æœ¬ in font nullfont!
Missing character: There is no ç¯€ in font nullfont!
Missing character: There is no ç•¶ in font nullfont!
Missing character: There is no ä¸­ in font nullfont!
Missing character: There is no æˆ‘ in font nullfont!
Missing character: There is no å€‘ in font nullfont!
Missing character: There is no åˆ† in font nullfont!
Missing character: There is no ç‚º in font nullfont!
Missing character: There is no ä¸‰ in font nullfont!
Missing character: There is no å€‹ in font nullfont!
Missing character: There is no éƒ¨ in font nullfont!
Missing character: There is no åˆ† in font nullfont!
Missing character: There is no è¨ in font nullfont!
Missing character: There is no è«– in font nullfont!
Missing character: There is no ï¼Œ in font nullfont!
Missing character: There is no é¦– in font nullfont!
Missing character: There is no å…ˆ in font nullfont!
Missing character: There is no æœƒ in font nullfont!
Missing character: There is no å…ˆ in font nullfont!
Missing character: There is no å° in font nullfont!
Missing character: There is no æ¨¡ in font nullfont!
Missing character: There is no å‹ in font nullfont!
Missing character: There is no ç’° in font nullfont!
Missing character: There is no å¢ƒ in font nullfont!
Missing character: There is no é€² in font nullfont!
Missing character: There is no è¡Œ in font nullfont!
Missing character: There is no æ in font nullfont!
Missing character: There is no è¿° in font nullfont!
Missing character: There is no ï¼Œ in font nullfont!
Missing character: There is no å† in font nullfont!
Missing character: There is no é‡ in font nullfont!
Missing character: There is no å° in font nullfont!
Missing character: There is no æ­¤ in font nullfont!
Missing character: There is no é in font nullfont!
Missing character: There is no ç·š in font nullfont!
Missing character: There is no æ€§ in font nullfont!
Missing character: There is no æ¨¡ in font nullfont!
Missing character: There is no å‹ in font nullfont!
Missing character: There is no æ in font nullfont!
Missing character: There is no å‡º in font nullfont!
Missing character: There is no ç¬¦ in font nullfont!
Missing character: There is no åˆ in font nullfont!
Missing character: There is no æ¢ in font nullfont!
Missing character: There is no ä»¶ in font nullfont!
Missing character: There is no çš„ in font nullfont!
Missing character: There is no æœ€ in font nullfont!
Missing character: There is no ä½³ in font nullfont!
Missing character: There is no åŒ– in font nullfont!
Missing character: There is no æ–¹ in font nullfont!
Missing character: There is no æ³• in font nullfont!
Missing character: There is no ï¼Œ in font nullfont!
Missing character: There is no æœ€ in font nullfont!
Missing character: There is no å¾Œ in font nullfont!
Missing character: There is no ä»‹ in font nullfont!
Missing character: There is no ç´¹ in font nullfont!
Missing character: There is no ä¸‰ in font nullfont!
Missing character: There is no å€‹ in font nullfont!
Missing character: There is no å„ª in font nullfont!
Missing character: There is no åŒ– in font nullfont!
Missing character: There is no æ¨¡ in font nullfont!
Missing character: There is no å‹ in font nullfont!
Missing character: There is no é€² in font nullfont!
Missing character: There is no è¡Œ in font nullfont!
Missing character: There is no æ±‚ in font nullfont!
Missing character: There is no è§£ in font nullfont!
Missing character: There is no ã€‚ in font nullfont!

Overfull \hbox (20.0pt too wide) in paragraph at lines 1--4
[]
 []


Overfull \hbox (10.86105pt too wide) in paragraph at lines 1--4
[]
 []


Overfull \hbox (16.29167pt too wide) in paragraph at lines 1--4
\OT1/cmr/m/n/10 ^^A\OML/cmm/m/it/10 E$
 []


Overfull \hbox (10.86105pt too wide) in paragraph at lines 1--4
[]
 []

)
! Emergency stop.
<*> section2.tex
                
*** (job aborted, no legal \end found)

 
Here is how much of TeX's memory you used:
 11 strings out of 493591
 117 string characters out of 6143546
 53754 words of memory out of 5000000
 3519 multiletter control sequences out of 15000+600000
 3948 words of font info for 15 fonts, out of 8000000 for 9000
 1347 hyphenation exceptions out of 8191
 19i,2n,19p,210b,89s stack positions out of 5000i,500n,10000p,200000b,80000s
No pages of output.
