\BOOKMARK [0][-]{chapter*.1}{Acknowledgement}{}% 1
\BOOKMARK [0][-]{chapter*.3}{Summary}{}% 2
\BOOKMARK [0][-]{chapter*.4}{List\040of\040Figures}{}% 3
\BOOKMARK [0][-]{chapter*.5}{List\040of\040Tables}{}% 4
\BOOKMARK [0][-]{section*.6}{List\040of\040Symbols}{}% 5
\BOOKMARK [0][-]{chapter*.8}{List\040of\040Algorithms}{}% 6
\BOOKMARK [0][-]{chapter*.9}{List\040of\040Codes}{}% 7
\BOOKMARK [0][-]{chapter*.11}{List\040of\040Publications}{}% 8
\BOOKMARK [0][-]{chapter*.12}{Introduction}{}% 9
\BOOKMARK [0][-]{chapter.1}{SPPT\040states}{}% 10
\BOOKMARK [1][-]{section.1.1}{Introduction}{chapter.1}% 11
\BOOKMARK [1][-]{section.1.2}{preliminaries}{chapter.1}% 12
\BOOKMARK [1][-]{section.1.3}{Previous\040definition\040of\040tripartite\040SPPT\040states}{chapter.1}% 13
\BOOKMARK [1][-]{section.1.4}{SPPT\040states\040in\040multipartite\040case}{chapter.1}% 14
\BOOKMARK [2][-]{subsection.1.4.1}{SPPT\040states\040in\040TEXT\040system}{section.1.4}% 15
\BOOKMARK [2][-]{subsection.1.4.2}{SPPT\040states\040in\040TEXT\040tripartite\040system}{section.1.4}% 16
\BOOKMARK [2][-]{subsection.1.4.3}{SPPT\040states\040in\040multipartite\040system}{section.1.4}% 17
\BOOKMARK [1][-]{section.1.5}{Sufficient\040separability\040conditions\040of\040SPPT\040states}{chapter.1}% 18
\BOOKMARK [1][-]{section.1.6}{Conclusion}{chapter.1}% 19
\BOOKMARK [0][-]{chapter.2}{figures\040and\040tables}{}% 20
\BOOKMARK [0][-]{chapter.3}{figures\040and\040tables}{}% 21
\BOOKMARK [0][-]{chapter.4}{Sample}{}% 22
\BOOKMARK [0][-]{section*.23}{Bibliography}{}% 23
