\BOOKMARK [0][-]{section*.4}{摘 要}{}% 1
\BOOKMARK [0][-]{section*.5}{ABSTRACT}{}% 2
\BOOKMARK [0][-]{chapter.1}{绪论}{}% 3
\BOOKMARK [1][-]{section.1.1}{本文研究背景和意义}{chapter.1}% 4
\BOOKMARK [2][-]{subsection.1.1.1}{无线传感网概述}{section.1.1}% 5
\BOOKMARK [2][-]{subsection.1.1.2}{规模化无线传感网数据认证}{section.1.1}% 6
\BOOKMARK [1][-]{section.1.2}{本文研究内容}{chapter.1}% 7
\BOOKMARK [1][-]{section.1.3}{本文组织结构}{chapter.1}% 8
\BOOKMARK [0][-]{chapter.2}{相关研究概述}{}% 9
\BOOKMARK [1][-]{section.2.1}{无线传感网安全技术概述}{chapter.2}% 10
\BOOKMARK [2][-]{subsection.2.1.1}{无线传感网面临的安全威胁}{section.2.1}% 11
\BOOKMARK [2][-]{subsection.2.1.2}{无线传感网现有的安全技术}{section.2.1}% 12
\BOOKMARK [1][-]{section.2.2}{无线传感网认证机制概述}{chapter.2}% 13
\BOOKMARK [2][-]{subsection.2.2.1}{无线传感网数据认证概述}{section.2.2}% 14
\BOOKMARK [2][-]{subsection.2.2.2}{无线传感网身份认证概述}{section.2.2}% 15
\BOOKMARK [1][-]{section.2.3}{无线传感网密钥分配方案概述}{chapter.2}% 16
\BOOKMARK [2][-]{subsection.2.3.1}{无线传感网密钥分配概述}{section.2.3}% 17
\BOOKMARK [2][-]{subsection.2.3.2}{无线传感网密钥分配方案分类}{section.2.3}% 18
\BOOKMARK [2][-]{subsection.2.3.3}{无线传感网典型密钥分配方案概述}{section.2.3}% 19
\BOOKMARK [0][-]{chapter.3}{多跳长路径上多节点联合数据认证}{}% 20
\BOOKMARK [1][-]{section.3.1}{无线传感网数据认证模型}{chapter.3}% 21
\BOOKMARK [2][-]{subsection.3.1.1}{无线传感网中数据认证场景}{section.3.1}% 22
\BOOKMARK [2][-]{subsection.3.1.2}{多节点联合数据认证系统模型和设计目标}{section.3.1}% 23
\BOOKMARK [1][-]{section.3.2}{多跳长路径上多节点联合的数据认证机制设计与实现}{chapter.3}% 24
\BOOKMARK [2][-]{subsection.3.2.1}{符号与定义}{section.3.2}% 25
\BOOKMARK [2][-]{subsection.3.2.2}{多节点联合数据认证方案}{section.3.2}% 26
\BOOKMARK [2][-]{subsection.3.2.3}{安全性能分析}{section.3.2}% 27
\BOOKMARK [1][-]{section.3.3}{路径上节点关系的维护方案}{chapter.3}% 28
\BOOKMARK [2][-]{subsection.3.3.1}{基站维护}{section.3.3}% 29
\BOOKMARK [2][-]{subsection.3.3.2}{节点自动维护}{section.3.3}% 30
\BOOKMARK [1][-]{section.3.4}{本章小结}{chapter.3}% 31
\BOOKMARK [0][-]{chapter.4}{数据认证方案优化}{}% 32
\BOOKMARK [1][-]{section.4.1}{多路径抗节点失效机制}{chapter.4}% 33
\BOOKMARK [2][-]{subsection.4.1.1}{数据认证中的节点失效问题}{section.4.1}% 34
\BOOKMARK [2][-]{subsection.4.1.2}{多路径抗节点失效机制设计实现}{section.4.1}% 35
\BOOKMARK [2][-]{subsection.4.1.3}{性能分析}{section.4.1}% 36
\BOOKMARK [1][-]{section.4.2}{动态步长多节点联合数据认证}{chapter.4}% 37
\BOOKMARK [2][-]{subsection.4.2.1}{数据认证中的传输开销问题}{section.4.2}% 38
\BOOKMARK [2][-]{subsection.4.2.2}{动态步长多节点联合数据认证机制设计}{section.4.2}% 39
\BOOKMARK [2][-]{subsection.4.2.3}{性能分析}{section.4.2}% 40
\BOOKMARK [1][-]{section.4.3}{本章小结}{chapter.4}% 41
\BOOKMARK [0][-]{chapter.5}{密钥分配与消息认证码的实现}{}% 42
\BOOKMARK [1][-]{section.5.1}{面向数据认证的密钥分配方案}{chapter.5}% 43
\BOOKMARK [2][-]{subsection.5.1.1}{单向hash链}{section.5.1}% 44
\BOOKMARK [2][-]{subsection.5.1.2}{基于单向hash链的密钥分配}{section.5.1}% 45
\BOOKMARK [1][-]{section.5.2}{消息认证码的实现}{chapter.5}% 46
\BOOKMARK [2][-]{subsection.5.2.1}{消息认证码}{section.5.2}% 47
\BOOKMARK [2][-]{subsection.5.2.2}{SCBC-MAC设计实现}{section.5.2}% 48
\BOOKMARK [1][-]{section.5.3}{本章小结}{chapter.5}% 49
\BOOKMARK [0][-]{chapter.6}{仿真实验与结果分析}{}% 50
\BOOKMARK [1][-]{section.6.1}{实验平台环境}{chapter.6}% 51
\BOOKMARK [2][-]{subsection.6.1.1}{仿真实验环境}{section.6.1}% 52
\BOOKMARK [2][-]{subsection.6.1.2}{数据认证仿真框架}{section.6.1}% 53
\BOOKMARK [1][-]{section.6.2}{仿真实验与方案评估}{chapter.6}% 54
\BOOKMARK [2][-]{subsection.6.2.1}{多跳长路径上多节点联合数据认证仿真实验}{section.6.2}% 55
\BOOKMARK [2][-]{subsection.6.2.2}{数据认证优化方案仿真实验}{section.6.2}% 56
\BOOKMARK [1][-]{section.6.3}{本章小结}{chapter.6}% 57
\BOOKMARK [0][-]{chapter.7}{总结与展望}{}% 58
\BOOKMARK [1][-]{section.7.1}{本文总结}{chapter.7}% 59
\BOOKMARK [1][-]{section.7.2}{未来工作于展望}{chapter.7}% 60
\BOOKMARK [0][-]{chapter*.44}{致谢}{}% 61
\BOOKMARK [0][-]{section*.45}{参考文献}{}% 62
\BOOKMARK [0][-]{chapter*.47}{作者在学期间取得的学术成果}{}% 63
